# JRE version: OpenJDK Runtime Environment Microsoft-8035246 (17.0.8+7) (build 17.0.8+7-LTS)
# Java VM: OpenJDK 64-Bit Server VM Microsoft-8035246 (17.0.8+7-LTS, mixed mode, sharing, tiered, compressed oops, compressed class ptrs, g1 gc, windows-amd64)
GC Precious Log:
 CPUs: 8 total, 8 available
 Memory: 20245M
 Large Page Support: Disabled
 NUMA Support: Disabled
 Compressed Oops: Enabled (32-bit)
 Heap Region Size: 1M
 Heap Min Capacity: 8M
 Heap Initial Capacity: 318M
 Heap Max Capacity: 2G
 Pre-touch: Disabled
 Parallel Workers: 8
 Concurrent Workers: 2
 Concurrent Refinement Workers: 8
 Periodic GC: Disabled
Heap:
 garbage-first heap   total 317440K, used 250753K [0x0000000080000000, 0x0000000100000000)
  region size 1024K, 77 young (78848K), 7 survivors (7168K)
 Metaspace       used 110392K, committed 111424K, reserved 557056K
  class space    used 15360K, committed 15872K, reserved 425984K
GC Heap History (20 events):
Event: 14.006 GC heap before
{Heap before GC invocations=37 (full 0):
 garbage-first heap   total 140288K, used 114553K [0x0000000080000000, 0x0000000100000000)
  region size 1024K, 27 young (27648K), 1 survivors (1024K)
 Metaspace       used 75890K, committed 76608K, reserved 557056K
  class space    used 10696K, committed 11008K, reserved 425984K
}
Event: 14.008 GC heap after
{Heap after GC invocations=38 (full 0):
 garbage-first heap   total 140288K, used 90717K [0x0000000080000000, 0x0000000100000000)
  region size 1024K, 3 young (3072K), 3 survivors (3072K)
 Metaspace       used 75890K, committed 76608K, reserved 557056K
  class space    used 10696K, committed 11008K, reserved 425984K
}
Event: 14.282 GC heap before
{Heap before GC invocations=39 (full 0):
 garbage-first heap   total 158720K, used 114269K [0x0000000080000000, 0x0000000100000000)
  region size 1024K, 27 young (27648K), 3 survivors (3072K)
 Metaspace       used 78087K, committed 78784K, reserved 557056K
  class space    used 10924K, committed 11264K, reserved 425984K
}
Event: 14.285 GC heap after
{Heap after GC invocations=40 (full 0):
 garbage-first heap   total 158720K, used 91123K [0x0000000080000000, 0x0000000100000000)
  region size 1024K, 3 young (3072K), 3 survivors (3072K)
 Metaspace       used 78087K, committed 78784K, reserved 557056K
  class space    used 10924K, committed 11264K, reserved 425984K
}
Event: 14.337 GC heap before
{Heap before GC invocations=40 (full 0):
 garbage-first heap   total 158720K, used 95219K [0x0000000080000000, 0x0000000100000000)
  region size 1024K, 7 young (7168K), 3 survivors (3072K)
 Metaspace       used 78318K, committed 79104K, reserved 557056K
  class space    used 10950K, committed 11328K, reserved 425984K
}
Event: 14.342 GC heap after
{Heap after GC invocations=41 (full 0):
 garbage-first heap   total 317440K, used 90384K [0x0000000080000000, 0x0000000100000000)
  region size 1024K, 1 young (1024K), 1 survivors (1024K)
 Metaspace       used 78318K, committed 79104K, reserved 557056K
  class space    used 10950K, committed 11328K, reserved 425984K
}
Event: 15.800 GC heap before
{Heap before GC invocations=41 (full 0):
 garbage-first heap   total 317440K, used 246032K [0x0000000080000000, 0x0000000100000000)
  region size 1024K, 147 young (150528K), 1 survivors (1024K)
 Metaspace       used 87289K, committed 88000K, reserved 557056K
  class space    used 12175K, committed 12480K, reserved 425984K
}
Event: 15.808 GC heap after
{Heap after GC invocations=42 (full 0):
 garbage-first heap   total 317440K, used 100140K [0x0000000080000000, 0x0000000100000000)
  region size 1024K, 10 young (10240K), 10 survivors (10240K)
 Metaspace       used 87289K, committed 88000K, reserved 557056K
  class space    used 12175K, committed 12480K, reserved 425984K
}
Event: 18.488 GC heap before
{Heap before GC invocations=42 (full 0):
 garbage-first heap   total 317440K, used 241452K [0x0000000080000000, 0x0000000100000000)
  region size 1024K, 148 young (151552K), 10 survivors (10240K)
 Metaspace       used 94736K, committed 95424K, reserved 557056K
  class space    used 13374K, committed 13696K, reserved 425984K
}
Event: 18.497 GC heap after
{Heap after GC invocations=43 (full 0):
 garbage-first heap   total 317440K, used 106746K [0x0000000080000000, 0x0000000100000000)
  region size 1024K, 7 young (7168K), 7 survivors (7168K)
 Metaspace       used 94736K, committed 95424K, reserved 557056K
  class space    used 13374K, committed 13696K, reserved 425984K
}
Event: 20.017 GC heap before
{Heap before GC invocations=43 (full 0):
 garbage-first heap   total 317440K, used 251130K [0x0000000080000000, 0x0000000100000000)
  region size 1024K, 144 young (147456K), 7 survivors (7168K)
 Metaspace       used 100098K, committed 100928K, reserved 557056K
  class space    used 14076K, committed 14464K, reserved 425984K
}
Event: 20.034 GC heap after
{Heap after GC invocations=44 (full 0):
 garbage-first heap   total 317440K, used 131587K [0x0000000080000000, 0x0000000100000000)
  region size 1024K, 18 young (18432K), 18 survivors (18432K)
 Metaspace       used 100098K, committed 100928K, reserved 557056K
  class space    used 14076K, committed 14464K, reserved 425984K
}
Event: 21.367 GC heap before
{Heap before GC invocations=44 (full 0):
 garbage-first heap   total 317440K, used 251395K [0x0000000080000000, 0x0000000100000000)
  region size 1024K, 133 young (136192K), 18 survivors (18432K)
 Metaspace       used 102652K, committed 103616K, reserved 557056K
  class space    used 14344K, committed 14784K, reserved 425984K
}
Event: 21.388 GC heap after
{Heap after GC invocations=45 (full 0):
 garbage-first heap   total 317440K, used 153794K [0x0000000080000000, 0x0000000100000000)
  region size 1024K, 17 young (17408K), 17 survivors (17408K)
 Metaspace       used 102652K, committed 103616K, reserved 557056K
  class space    used 14344K, committed 14784K, reserved 425984K
}
Event: 22.405 GC heap before
{Heap before GC invocations=45 (full 0):
 garbage-first heap   total 317440K, used 248002K [0x0000000080000000, 0x0000000100000000)
  region size 1024K, 109 young (111616K), 17 survivors (17408K)
 Metaspace       used 108184K, committed 109248K, reserved 557056K
  class space    used 15106K, committed 15616K, reserved 425984K
}
Event: 22.420 GC heap after
{Heap after GC invocations=46 (full 0):
 garbage-first heap   total 317440K, used 164214K [0x0000000080000000, 0x0000000100000000)
  region size 1024K, 9 young (9216K), 9 survivors (9216K)
 Metaspace       used 108184K, committed 109248K, reserved 557056K
  class space    used 15106K, committed 15616K, reserved 425984K
}
Event: 23.201 GC heap before
{Heap before GC invocations=46 (full 0):
 garbage-first heap   total 317440K, used 252278K [0x0000000080000000, 0x0000000100000000)
  region size 1024K, 95 young (97280K), 9 survivors (9216K)
 Metaspace       used 109935K, committed 111040K, reserved 557056K
  class space    used 15306K, committed 15808K, reserved 425984K
}
Event: 23.215 GC heap after
{Heap after GC invocations=47 (full 0):
 garbage-first heap   total 317440K, used 173731K [0x0000000080000000, 0x0000000100000000)
  region size 1024K, 9 young (9216K), 9 survivors (9216K)
 Metaspace       used 109935K, committed 111040K, reserved 557056K
  class space    used 15306K, committed 15808K, reserved 425984K
}
Event: 23.662 GC heap before
{Heap before GC invocations=47 (full 0):
 garbage-first heap   total 317440K, used 255651K [0x0000000080000000, 0x0000000100000000)
  region size 1024K, 90 young (92160K), 9 survivors (9216K)
 Metaspace       used 110389K, committed 111424K, reserved 557056K
  class space    used 15360K, committed 15872K, reserved 425984K
}
Event: 23.672 GC heap after
{Heap after GC invocations=48 (full 0):
 garbage-first heap   total 317440K, used 180097K [0x0000000080000000, 0x0000000100000000)
  region size 1024K, 7 young (7168K), 7 survivors (7168K)
 Metaspace       used 110389K, committed 111424K, reserved 557056K
  class space    used 15360K, committed 15872K, reserved 425984K
}

