# JRE version: OpenJDK Runtime Environment Microsoft-8035246 (17.0.8+7) (build 17.0.8+7-LTS)
# Java VM: OpenJDK 64-Bit Server VM Microsoft-8035246 (17.0.8+7-LTS, mixed mode, sharing, tiered, compressed oops, compressed class ptrs, g1 gc, windows-amd64)
GC Precious Log:
 CPUs: 8 total, 8 available
 Memory: 20245M
 Large Page Support: Disabled
 NUMA Support: Disabled
 Compressed Oops: Enabled (32-bit)
 Heap Region Size: 1M
 Heap Min Capacity: 8M
 Heap Initial Capacity: 318M
 Heap Max Capacity: 2G
 Pre-touch: Disabled
 Parallel Workers: 8
 Concurrent Workers: 2
 Concurrent Refinement Workers: 8
 Periodic GC: Disabled
Heap:
 garbage-first heap   total 293888K, used 188221K [0x0000000080000000, 0x0000000100000000)
  region size 1024K, 16 young (16384K), 5 survivors (5120K)
 Metaspace       used 110311K, committed 111424K, reserved 557056K
  class space    used 15348K, committed 15872K, reserved 425984K
GC Heap History (20 events):
Event: 16.818 GC heap before
{Heap before GC invocations=36 (full 0):
 garbage-first heap   total 269312K, used 204542K [0x0000000080000000, 0x0000000100000000)
  region size 1024K, 102 young (104448K), 11 survivors (11264K)
 Metaspace       used 99968K, committed 100864K, reserved 557056K
  class space    used 14041K, committed 14464K, reserved 425984K
}
Event: 16.832 GC heap after
{Heap after GC invocations=37 (full 0):
 garbage-first heap   total 269312K, used 123800K [0x0000000080000000, 0x0000000100000000)
  region size 1024K, 13 young (13312K), 13 survivors (13312K)
 Metaspace       used 99968K, committed 100864K, reserved 557056K
  class space    used 14041K, committed 14464K, reserved 425984K
}
Event: 17.640 GC heap before
{Heap before GC invocations=37 (full 0):
 garbage-first heap   total 269312K, used 211864K [0x0000000080000000, 0x0000000100000000)
  region size 1024K, 95 young (97280K), 13 survivors (13312K)
 Metaspace       used 102210K, committed 103168K, reserved 557056K
  class space    used 14291K, committed 14720K, reserved 425984K
}
Event: 17.657 GC heap after
{Heap after GC invocations=38 (full 0):
 garbage-first heap   total 269312K, used 144785K [0x0000000080000000, 0x0000000100000000)
  region size 1024K, 12 young (12288K), 12 survivors (12288K)
 Metaspace       used 102210K, committed 103168K, reserved 557056K
  class space    used 14291K, committed 14720K, reserved 425984K
}
Event: 17.968 GC heap before
{Heap before GC invocations=38 (full 0):
 garbage-first heap   total 269312K, used 175505K [0x0000000080000000, 0x0000000100000000)
  region size 1024K, 43 young (44032K), 12 survivors (12288K)
 Metaspace       used 102476K, committed 103552K, reserved 557056K
  class space    used 14314K, committed 14784K, reserved 425984K
}
Event: 17.976 GC heap after
{Heap after GC invocations=39 (full 0):
 garbage-first heap   total 269312K, used 151158K [0x0000000080000000, 0x0000000100000000)
  region size 1024K, 6 young (6144K), 6 survivors (6144K)
 Metaspace       used 102476K, committed 103552K, reserved 557056K
  class space    used 14314K, committed 14784K, reserved 425984K
}
Event: 18.871 GC heap before
{Heap before GC invocations=40 (full 0):
 garbage-first heap   total 269312K, used 215670K [0x0000000080000000, 0x0000000100000000)
  region size 1024K, 67 young (68608K), 6 survivors (6144K)
 Metaspace       used 105787K, committed 106816K, reserved 557056K
  class space    used 14821K, committed 15296K, reserved 425984K
}
Event: 18.877 GC heap after
{Heap after GC invocations=41 (full 0):
 garbage-first heap   total 269312K, used 160680K [0x0000000080000000, 0x0000000100000000)
  region size 1024K, 8 young (8192K), 8 survivors (8192K)
 Metaspace       used 105787K, committed 106816K, reserved 557056K
  class space    used 14821K, committed 15296K, reserved 425984K
}
Event: 18.920 GC heap before
{Heap before GC invocations=41 (full 0):
 garbage-first heap   total 269312K, used 164776K [0x0000000080000000, 0x0000000100000000)
  region size 1024K, 13 young (13312K), 8 survivors (8192K)
 Metaspace       used 106178K, committed 107200K, reserved 557056K
  class space    used 14877K, committed 15360K, reserved 425984K
}
Event: 18.929 GC heap after
{Heap after GC invocations=42 (full 0):
 garbage-first heap   total 269312K, used 159864K [0x0000000080000000, 0x0000000100000000)
  region size 1024K, 1 young (1024K), 1 survivors (1024K)
 Metaspace       used 106178K, committed 107200K, reserved 557056K
  class space    used 14877K, committed 15360K, reserved 425984K
}
Event: 19.691 GC heap before
{Heap before GC invocations=42 (full 0):
 garbage-first heap   total 269312K, used 217208K [0x0000000080000000, 0x0000000100000000)
  region size 1024K, 57 young (58368K), 1 survivors (1024K)
 Metaspace       used 108877K, committed 109952K, reserved 557056K
  class space    used 15197K, committed 15680K, reserved 425984K
}
Event: 19.699 GC heap after
{Heap after GC invocations=43 (full 0):
 garbage-first heap   total 269312K, used 165052K [0x0000000080000000, 0x0000000100000000)
  region size 1024K, 7 young (7168K), 7 survivors (7168K)
 Metaspace       used 108877K, committed 109952K, reserved 557056K
  class space    used 15197K, committed 15680K, reserved 425984K
}
Event: 20.449 GC heap before
{Heap before GC invocations=44 (full 0):
 garbage-first heap   total 293888K, used 218300K [0x0000000080000000, 0x0000000100000000)
  region size 1024K, 59 young (60416K), 7 survivors (7168K)
 Metaspace       used 109522K, committed 110656K, reserved 557056K
  class space    used 15251K, committed 15744K, reserved 425984K
}
Event: 20.457 GC heap after
{Heap after GC invocations=45 (full 0):
 garbage-first heap   total 293888K, used 171061K [0x0000000080000000, 0x0000000100000000)
  region size 1024K, 6 young (6144K), 6 survivors (6144K)
 Metaspace       used 109522K, committed 110656K, reserved 557056K
  class space    used 15251K, committed 15744K, reserved 425984K
}
Event: 20.509 GC heap before
{Heap before GC invocations=45 (full 0):
 garbage-first heap   total 293888K, used 179253K [0x0000000080000000, 0x0000000100000000)
  region size 1024K, 14 young (14336K), 6 survivors (6144K)
 Metaspace       used 109630K, committed 110720K, reserved 557056K
  class space    used 15262K, committed 15744K, reserved 425984K
}
Event: 20.516 GC heap after
{Heap after GC invocations=46 (full 0):
 garbage-first heap   total 293888K, used 170648K [0x0000000080000000, 0x0000000100000000)
  region size 1024K, 2 young (2048K), 2 survivors (2048K)
 Metaspace       used 109630K, committed 110720K, reserved 557056K
  class space    used 15262K, committed 15744K, reserved 425984K
}
Event: 20.965 GC heap before
{Heap before GC invocations=46 (full 0):
 garbage-first heap   total 293888K, used 235160K [0x0000000080000000, 0x0000000100000000)
  region size 1024K, 66 young (67584K), 2 survivors (2048K)
 Metaspace       used 110302K, committed 111424K, reserved 557056K
  class space    used 15348K, committed 15872K, reserved 425984K
}
Event: 20.972 GC heap after
{Heap after GC invocations=47 (full 0):
 garbage-first heap   total 293888K, used 175459K [0x0000000080000000, 0x0000000100000000)
  region size 1024K, 7 young (7168K), 7 survivors (7168K)
 Metaspace       used 110302K, committed 111424K, reserved 557056K
  class space    used 15348K, committed 15872K, reserved 425984K
}
Event: 21.187 GC heap before
{Heap before GC invocations=47 (full 0):
 garbage-first heap   total 293888K, used 237923K [0x0000000080000000, 0x0000000100000000)
  region size 1024K, 69 young (70656K), 7 survivors (7168K)
 Metaspace       used 110309K, committed 111424K, reserved 557056K
  class space    used 15348K, committed 15872K, reserved 425984K
}
Event: 21.194 GC heap after
{Heap after GC invocations=48 (full 0):
 garbage-first heap   total 293888K, used 177981K [0x0000000080000000, 0x0000000100000000)
  region size 1024K, 5 young (5120K), 5 survivors (5120K)
 Metaspace       used 110309K, committed 111424K, reserved 557056K
  class space    used 15348K, committed 15872K, reserved 425984K
}

